[90mGET / [32m200 [90m639ms - 539[0m
[90mGET /stylesheets/style.css [32m200 [90m222ms - 1.64kb[0m
[90mGET / [32m200 [90m590ms - 539[0m
[90mGET /stylesheets/style.css [32m200 [90m212ms - 1.64kb[0m
[90mGET / [32m200 [90m261ms - 539[0m
[90mGET /stylesheets/style.css [32m200 [90m4ms - 1.64kb[0m
[90mGET / [32m200 [90m279ms - 539[0m
[90mGET /stylesheets/style.css [32m200 [90m2ms - 1.64kb[0m
[90mPOST / [36m302 [90m5ms - 66[0m
[90mGET /bitla/edit [32m200 [90m96ms - 1.85kb[0m
[90mGET /stylesheets/style.css [36m304 [90m1ms[0m
[90mGET / [32m200 [90m201ms - 539[0m
[90mGET /stylesheets/style.css [36m304 [90m1ms[0m
[90mGET /bitla/new [32m200 [90m347ms - 2.29mb[0m
[90mGET /stylesheets/style.css [36m304 [90m2ms[0m
[90mGET / [32m200 [90m188ms - 539[0m
[90mGET /stylesheets/style.css [36m304 [90m1ms[0m
[90mGET / [32m200 [90m194ms - 539[0m
[90mGET /stylesheets/style.css [36m304 [90m2ms[0m
[90mGET / [32m200 [90m570ms - 539[0m
[90mGET /stylesheets/style.css [32m200 [90m212ms - 1.84kb[0m
[90mPOST / [36m302 [90m5ms - 66[0m
[90mGET /bitla/edit [32m200 [90m134ms - 1003[0m
[90mGET /stylesheets/style.css [36m304 [90m2ms[0m
[90mGET / [32m200 [90m254ms - 539[0m
[90mGET /stylesheets/style.css [36m304 [90m1ms[0m
[90mGET / [32m200 [90m201ms - 539[0m
[90mGET /stylesheets/style.css [32m200 [90m2ms - 1.84kb[0m
[90mPOST / [36m302 [90m2ms - 66[0m
[90mGET /bitla/edit [32m200 [90m61ms - 1.27kb[0m
[90mGET /stylesheets/style.css [36m304 [90m1ms[0m
[90mGET / [32m200 [90m259ms - 539[0m
[90mGET /stylesheets/style.css [36m304 [90m1ms[0m
[90mGET /bitla/new [32m200 [90m409ms - 1.18mb[0m
[90mGET /stylesheets/style.css [36m304 [90m2ms[0m
[90mGET /bitla/new [36m304 [90m336ms[0m
[90mGET /stylesheets/style.css [36m304 [90m1ms[0m
[90mGET / [32m200 [90m205ms - 539[0m
[90mGET /stylesheets/style.css [32m200 [90m4ms - 1.84kb[0m
[90mPOST / [36m302 [90m1ms - 66[0m
[90mGET /bitla/edit [32m200 [90m59ms - 1006[0m
[90mGET /stylesheets/style.css [36m304 [90m1ms[0m
[90mGET / [32m200 [90m195ms - 539[0m
[90mGET /stylesheets/style.css [36m304 [90m3ms[0m
[90mGET /bitla/new [32m200 [90m368ms - 1.18mb[0m
[90mGET /stylesheets/style.css [36m304 [90m1ms[0m
[90mGET /bitla/new [36m304 [90m341ms[0m
[90mGET /stylesheets/style.css [36m304 [90m1ms[0m
[90mGET /bitla/new [36m304 [90m317ms[0m
[90mGET /stylesheets/style.css [36m304 [90m3ms[0m
[90mGET / [32m200 [90m198ms - 539[0m
[90mGET /stylesheets/style.css [36m304 [90m1ms[0m
[90mGET / [32m200 [90m194ms - 539[0m
[90mGET /stylesheets/style.css [36m304 [90m1ms[0m
[90mGET / [32m200 [90m190ms - 539[0m
[90mGET /stylesheets/style.css [32m200 [90m4ms - 1.84kb[0m
[90mPOST / [36m302 [90m5ms - 66[0m
[90mGET /bitla/edit [32m200 [90m52ms - 1006[0m
[90mGET /stylesheets/style.css [36m304 [90m1ms[0m
[90mGET / [32m200 [90m181ms - 539[0m
[90mPOST / [36m302 [90m1ms - 66[0m
[90mGET / [32m200 [90m970ms - 539[0m
[90mGET / [32m200 [90m1696ms - 539[0m
[90mPOST / [36m302 [90m1ms - 66[0m
[90mPOST / [36m302 [90m0ms - 66[0m
[90mGET / [32m200 [90m2488ms - 539[0m
[90mGET / [32m200 [90m2585ms - 539[0m
[90mGET /bitla/edit [32m200 [90m1105ms - 1006[0m
[90mPOST / [36m302 [90m1ms - 66[0m
[90mPOST / [36m302 [90m0ms - 66[0m
[90mGET / [32m200 [90m3793ms - 539[0m
[90mGET / [32m200 [90m3884ms - 539[0m
[90mGET / [32m200 [90m4046ms - 539[0m
[90mGET /bitla/edit [32m200 [90m1390ms - 1006[0m
[90mGET / [32m200 [90m4530ms - 539[0m
[90mGET /bitla/edit [32m200 [90m1639ms - 1006[0m
[90mPOST / [36m302 [90m0ms - 66[0m
[90mPOST / [36m302 [90m0ms - 66[0m
[90mPOST / [36m302 [90m1ms - 66[0m
[90mPOST / [36m302 [90m0ms - 66[0m
[90mGET /bitla/edit [32m200 [90m1397ms - 1006[0m
[90mGET / [32m200 [90m5906ms - 539[0m
[90mGET /bitla/edit [32m200 [90m1922ms - 1006[0m
[90mPOST / [36m302 [90m1ms - 66[0m
[90mGET /bitla/edit [32m200 [90m1620ms - 1006[0m
[90mGET /bitla/edit [32m200 [90m1997ms - 1006[0m
[90mGET /bitla/edit [32m200 [90m3960ms - 1006[0m
[90mGET /bitla/edit [32m200 [90m4216ms - 1006[0m
[90mGET /bitla/edit [32m200 [90m4226ms - 1006[0m
[90mGET /bitla/edit [32m200 [90m4346ms - 1006[0m
[90mGET / [32m200 [90m15155ms - 539[0m
[90mGET /bitla/edit [32m200 [90m9237ms - 1006[0m
[90mGET /bitla/edit [32m200 [90m9346ms - 1006[0m
[90mGET /bitla/edit [32m200 [90m9688ms - 1006[0m
[90mPOST / [36m302 [90m0ms - 66[0m
[90mGET /bitla/edit [32m200 [90m9369ms - 1006[0m
[90mGET / [32m200 [90m780ms - 539[0m
[90mGET /stylesheets/style.css [32m200 [90m223ms - 1.84kb[0m
[90mGET / [32m200 [90m277ms - 539[0m
[90mGET /stylesheets/style.css [32m200 [90m5ms - 1.84kb[0m
[90mPOST / [36m302 [90m5ms - 66[0m
[90mGET /bitla/edit [32m200 [90m101ms - 1006[0m
[90mGET /stylesheets/style.css [36m304 [90m2ms[0m
[90mGET / [32m200 [90m465ms - 539[0m
[90mPOST / [36m302 [90m2ms - 66[0m
[90mGET / [32m200 [90m1068ms - 539[0m
[90mPOST / [36m302 [90m1ms - 66[0m
[90mGET / [32m200 [90m2143ms - 539[0m
[90mGET /bitla/edit [32m200 [90m671ms - 1006[0m
[90mPOST / [36m302 [90m1ms - 66[0m
[90mGET / [32m200 [90m2832ms - 539[0m
[90mGET / [32m200 [90m3114ms - 539[0m
[90mGET / [32m200 [90m3214ms - 539[0m
[90mGET /bitla/edit [32m200 [90m728ms - 1006[0m
[90mPOST / [36m302 [90m0ms - 66[0m
[90mPOST / [36m302 [90m1ms - 66[0m
[90mGET /bitla/edit [32m200 [90m847ms - 1006[0m
[90mPOST / [36m302 [90m0ms - 66[0m
[90mGET /bitla/edit [32m200 [90m942ms - 1006[0m
[90mGET / [32m200 [90m4798ms - 539[0m
[90mGET / [32m200 [90m4699ms - 539[0m
[90mGET /bitla/edit [32m200 [90m994ms - 1006[0m
[90mGET /bitla/edit [32m200 [90m637ms - 1006[0m
[90mGET /bitla/edit [32m200 [90m722ms - 1006[0m
[90mGET / [32m200 [90m5313ms - 539[0m
[90mGET / [32m200 [90m5400ms - 539[0m
[90mPOST / [36m302 [90m2ms - 66[0m
[90mPOST / [36m302 [90m0ms - 66[0m
[90mGET /bitla/edit [32m200 [90m762ms - 1006[0m
[90mGET /bitla/edit [32m200 [90m893ms - 1006[0m
[90mPOST / [36m302 [90m1ms - 66[0m
[90mGET / [32m200 [90m5835ms - 539[0m
[90mGET / [32m200 [90m5851ms - 539[0m
[90mGET / [32m200 [90m5865ms - 539[0m
[90mPOST / [36m302 [90m1ms - 66[0m
[90mGET /bitla/edit [32m200 [90m650ms - 1006[0m
[90mGET / [32m200 [90m6264ms - 539[0m
[90mGET / [32m200 [90m6279ms - 539[0m
[90mGET / [32m200 [90m6296ms - 539[0m
[90mGET /bitla/edit [32m200 [90m371ms - 1006[0m
[90mGET / [32m200 [90m5959ms - 539[0m
[90mGET /bitla/edit [32m200 [90m1063ms - 1006[0m
[90mPOST / [36m302 [90m1ms - 66[0m
[90mPOST / [36m302 [90m0ms - 66[0m
[90mPOST / [36m302 [90m1ms - 66[0m
[90mGET / [32m200 [90m6743ms - 539[0m
[90mGET / [32m200 [90m6757ms - 539[0m
[90mGET / [32m200 [90m6772ms - 539[0m
[90mGET /bitla/edit [32m200 [90m793ms - 1006[0m
[90mGET / [32m200 [90m6388ms - 539[0m
[90mGET / [32m200 [90m5960ms - 539[0m
[90mGET / [32m200 [90m5975ms - 539[0m
[90mGET / [32m200 [90m5984ms - 539[0m
[90mGET / [32m200 [90m7013ms - 539[0m
[90mGET / [32m200 [90m7026ms - 539[0m
[90mGET /bitla/edit [32m200 [90m1014ms - 1006[0m
[90mGET / [32m200 [90m7136ms - 539[0m
[90mGET / [32m200 [90m7156ms - 539[0m
[90mPOST / [36m302 [90m1ms - 66[0m
[90mPOST / [36m302 [90m0ms - 66[0m
[90mPOST / [36m302 [90m0ms - 66[0m
[90mPOST / [36m302 [90m1ms - 66[0m
[90mGET / [32m200 [90m6938ms - 539[0m
[90mGET / [32m200 [90m6448ms - 539[0m
[90mGET /bitla/edit [32m200 [90m219ms - 1006[0m
[90mGET / [32m200 [90m6480ms - 539[0m
[90mGET / [32m200 [90m6490ms - 539[0m
[90mGET / [32m200 [90m7078ms - 539[0m
[90mGET / [32m200 [90m7094ms - 539[0m
[90mGET /bitla/edit [32m200 [90m1006ms - 1006[0m
[90mGET / [32m200 [90m7184ms - 539[0m
[90mGET / [32m200 [90m7196ms - 539[0m
[90mPOST / [36m302 [90m0ms - 66[0m
[90mPOST / [36m302 [90m0ms - 66[0m
[90mPOST / [36m302 [90m1ms - 66[0m
[90mPOST / [36m302 [90m4ms - 66[0m
[90mPOST / [36m302 [90m0ms - 66[0m
[90mPOST / [36m302 [90m0ms - 66[0m
[90mPOST / [36m302 [90m1ms - 66[0m
[90mPOST / [36m302 [90m0ms - 66[0m
[90mPOST / [36m302 [90m1ms - 66[0m
[90mPOST / [36m302 [90m1ms - 66[0m
[90mPOST / [36m302 [90m1ms - 66[0m
[90mGET /bitla/edit [32m200 [90m592ms - 1006[0m
[90mGET / [32m200 [90m7360ms - 539[0m
[90mGET / [32m200 [90m7372ms - 539[0m
[90mGET / [32m200 [90m6966ms - 539[0m
[90mGET /bitla/edit [32m200 [90m276ms - 1006[0m
[90mGET / [32m200 [90m6992ms - 539[0m
[90mGET / [32m200 [90m7007ms - 539[0m
[90mGET / [32m200 [90m7022ms - 539[0m
[90mGET / [32m200 [90m7100ms - 539[0m
[90mGET /bitla/edit [32m200 [90m402ms - 1006[0m
[90mGET / [32m200 [90m7126ms - 539[0m
[90mGET / [32m200 [90m7142ms - 539[0m
[90mGET / [32m200 [90m7155ms - 539[0m
[90mPOST / [36m302 [90m1ms - 66[0m
[90mPOST / [36m302 [90m0ms - 66[0m
[90mPOST / [36m302 [90m8ms - 66[0m
[90mPOST / [36m302 [90m1ms - 66[0m
[90mPOST / [36m302 [90m5ms - 66[0m
[90mPOST / [36m302 [90m0ms - 66[0m
[90mPOST / [36m302 [90m0ms - 66[0m
[90mPOST / [36m302 [90m1ms - 66[0m
[90mGET /bitla/edit [32m200 [90m587ms - 1006[0m
[90mGET / [32m200 [90m7348ms - 539[0m
[90mGET / [32m200 [90m7360ms - 539[0m
[90mGET /bitla/edit [32m200 [90m164ms - 1006[0m
[90mGET / [32m200 [90m7383ms - 539[0m
[90mGET / [32m200 [90m7397ms - 539[0m
[90mGET /bitla/edit [32m200 [90m836ms - 1006[0m
[90mGET /bitla/edit [32m200 [90m433ms - 1006[0m
[90mPOST / [36m302 [90m7ms - 66[0m
[90mPOST / [36m302 [90m0ms - 66[0m
[90mPOST / [36m302 [90m0ms - 66[0m
[90mPOST / [36m302 [90m0ms - 66[0m
[90mPOST / [36m302 [90m0ms - 66[0m
[90mPOST / [36m302 [90m0ms - 66[0m
[90mPOST / [36m302 [90m4ms - 66[0m
[90mPOST / [36m302 [90m0ms - 66[0m
[90mPOST / [36m302 [90m0ms - 66[0m
[90mPOST / [36m302 [90m0ms - 66[0m
[90mGET /bitla/edit [32m200 [90m311ms - 1006[0m
[90mGET /bitla/edit [32m200 [90m354ms - 1006[0m
[90mGET /bitla/edit [32m200 [90m351ms - 1006[0m
[90mGET /bitla/edit [32m200 [90m703ms - 1006[0m
[90mGET /bitla/edit [32m200 [90m506ms - 1006[0m
[90mGET /bitla/edit [32m200 [90m515ms - 1006[0m
[90mGET /bitla/edit [32m200 [90m317ms - 1006[0m
[90mGET /bitla/edit [32m200 [90m816ms - 1006[0m
[90mGET /bitla/edit [32m200 [90m597ms - 1006[0m
[90mGET /bitla/edit [32m200 [90m431ms - 1006[0m
[90mGET /bitla/edit [32m200 [90m376ms - 1006[0m
[90mGET /bitla/edit [32m200 [90m244ms - 1006[0m
[90mGET /bitla/edit [32m200 [90m919ms - 1006[0m
[90mGET /bitla/edit [32m200 [90m700ms - 1006[0m
[90mGET /bitla/edit [32m200 [90m680ms - 1006[0m
[90mGET /bitla/edit [32m200 [90m515ms - 1006[0m
[90mGET /bitla/edit [32m200 [90m351ms - 1006[0m
[90mGET /bitla/edit [32m200 [90m186ms - 1006[0m
[90mPOST / [36m302 [90m1ms - 66[0m
[90mPOST / [36m302 [90m0ms - 66[0m
[90mPOST / [36m302 [90m1ms - 66[0m
[90mPOST / [36m302 [90m0ms - 66[0m
[90mGET /bitla/edit [32m200 [90m600ms - 1006[0m
[90mGET /bitla/edit [32m200 [90m438ms - 1006[0m
[90mGET /bitla/edit [32m200 [90m423ms - 1006[0m
[90mGET /bitla/edit [32m200 [90m630ms - 1006[0m
[90mGET /bitla/edit [32m200 [90m467ms - 1006[0m
[90mGET /bitla/edit [32m200 [90m220ms - 1006[0m
[90mGET /bitla/edit [32m200 [90m496ms - 1006[0m
[90mGET /bitla/edit [32m200 [90m165ms - 1006[0m
[90mGET /bitla/edit [32m200 [90m166ms - 1006[0m
[90mGET /bitla/edit [32m200 [90m378ms - 1006[0m
[90mGET /bitla/edit [32m200 [90m300ms - 1006[0m
[90mGET /bitla/edit [32m200 [90m409ms - 1006[0m
[90mGET /bitla/edit [32m200 [90m490ms - 1006[0m
[90mGET /bitla/edit [32m200 [90m560ms - 1006[0m
[90mGET /bitla/edit [32m200 [90m617ms - 1006[0m
[90mGET /bitla/edit [32m200 [90m712ms - 1006[0m
[90mGET /bitla/edit [32m200 [90m823ms - 1006[0m
[90mGET /bitla/edit [32m200 [90m848ms - 1006[0m
[90mGET /bitla/edit [32m200 [90m858ms - 1006[0m
[90mGET /bitla/edit [32m200 [90m868ms - 1006[0m
[90mGET /bitla/edit [32m200 [90m775ms - 1006[0m
[90mGET /bitla/edit [32m200 [90m916ms - 1006[0m
[90mGET /bitla/edit [32m200 [90m907ms - 1006[0m
[90mGET /bitla/edit [32m200 [90m919ms - 1006[0m
[90mGET /bitla/edit [32m200 [90m929ms - 1006[0m
[90mGET /bitla/edit [32m200 [90m834ms - 1006[0m
[90mGET /bitla/edit [32m200 [90m664ms - 1006[0m
[90mGET /bitla/edit [32m200 [90m647ms - 1006[0m
[90mGET /bitla/edit [32m200 [90m996ms - 1006[0m
[90mGET /bitla/edit [32m200 [90m991ms - 1006[0m
[90mGET /bitla/edit [32m200 [90m1001ms - 1006[0m
[90mGET /bitla/edit [32m200 [90m1012ms - 1006[0m
[90mGET /bitla/edit [32m200 [90m918ms - 1006[0m
[90mGET /bitla/edit [32m200 [90m738ms - 1006[0m
[90mGET /bitla/edit [32m200 [90m728ms - 1006[0m
[90mGET /bitla/edit [32m200 [90m1059ms - 1006[0m
[90mGET /bitla/edit [32m200 [90m1049ms - 1006[0m
[90mGET /bitla/edit [32m200 [90m803ms - 1006[0m
[90mGET /bitla/edit [32m200 [90m786ms - 1006[0m
[90mGET /bitla/edit [32m200 [90m784ms - 1006[0m
[90mGET /bitla/edit [32m200 [90m1014ms - 1006[0m
[90mGET /bitla/edit [32m200 [90m820ms - 1006[0m
[90mGET /bitla/edit [32m200 [90m831ms - 1006[0m
[90mGET /bitla/edit [32m200 [90m872ms - 1006[0m
[90mGET /bitla/edit [32m200 [90m854ms - 1006[0m
[90mGET /bitla/edit [32m200 [90m155ms - 1006[0m
[90mGET /bitla/edit [32m200 [90m232ms - 1006[0m
[90mGET /bitla/edit [32m200 [90m297ms - 1006[0m
[90mGET /bitla/edit [32m200 [90m328ms - 1006[0m
[90mGET /bitla/edit [32m200 [90m343ms - 1006[0m
[90mGET /bitla/edit [32m200 [90m352ms - 1006[0m
[90mGET /bitla/edit [32m200 [90m366ms - 1006[0m
[90mGET /bitla/edit [32m200 [90m378ms - 1006[0m
[90mGET /bitla/edit [32m200 [90m358ms - 1006[0m
[90mGET /bitla/edit [32m200 [90m400ms - 1006[0m
[90mGET /bitla/edit [32m200 [90m411ms - 1006[0m
[90mGET /bitla/edit [32m200 [90m402ms - 1006[0m
[90mGET /bitla/edit [32m200 [90m436ms - 1006[0m
[90mGET /bitla/edit [32m200 [90m446ms - 1006[0m
[90mPOST / [36m302 [90m1ms - 66[0m
[90mGET /bitla/edit [32m200 [90m34ms - 1006[0m
[90mGET /stylesheets/style.css [36m304 [90m2ms[0m
[90mGET / [32m200 [90m154ms - 539[0m
[90mGET /stylesheets/style.css [36m304 [90m1ms[0m
[90mGET / [32m200 [90m859ms - 539[0m
[90mGET / [32m200 [90m1119ms - 539[0m
[90mPOST / [36m302 [90m6ms - 66[0m
[90mPOST / [36m302 [90m2ms - 66[0m
Count : 1
[90mPOST / [36m302 [90m0ms - 66[0m
[90mPOST / [36m302 [90m0ms - 66[0m
[90mGET / [32m200 [90m2888ms - 539[0m
[90mGET / [32m200 [90m2986ms - 539[0m
Count : 2
Count : 3
Count : 4
[90mPOST / [36m302 [90m1ms - 66[0m
[90mPOST / [36m302 [90m0ms - 66[0m
Count : 5
[90mGET /bitla/edit [32m200 [90m1449ms - 1006[0m
[90mGET / [32m200 [90m4043ms - 539[0m
Count : 6
Count : 7
[90mGET /bitla/edit [32m200 [90m1770ms - 1006[0m
Count : 8
[90mPOST / [36m302 [90m10ms - 66[0m
[90mPOST / [36m302 [90m0ms - 66[0m
[90mPOST / [36m302 [90m0ms - 66[0m
[90mPOST / [36m302 [90m0ms - 66[0m
[90mGET /bitla/edit [32m200 [90m1914ms - 1006[0m
[90mGET /bitla/edit [32m200 [90m2005ms - 1006[0m
[90mGET /bitla/edit [32m200 [90m2010ms - 1006[0m
Count : 9
Count : 10
Count : 11
Count : 12
Count : 13
Count : 14
Count : 15
Count : 16
[90mPOST / [36m302 [90m1ms - 66[0m
Count : 17
[90mPOST / [36m302 [90m0ms - 66[0m
[90mPOST / [36m302 [90m5ms - 66[0m
[90mPOST / [36m302 [90m0ms - 66[0m
[90mPOST / [36m302 [90m0ms - 66[0m
[90mPOST / [36m302 [90m0ms - 66[0m
[90mGET /bitla/edit [32m200 [90m1819ms - 1006[0m
[90mGET /bitla/edit [32m200 [90m2175ms - 1006[0m
[90mGET /bitla/edit [32m200 [90m1885ms - 1006[0m
Count : 18
Count : 19
Count : 20
Count : 21
Count : 22
Count : 23
Count : 24
[90mPOST / [36m302 [90m1ms - 66[0m
[90mPOST / [36m302 [90m0ms - 66[0m
[90mPOST / [36m302 [90m1ms - 66[0m
[90mPOST / [36m302 [90m0ms - 66[0m
Count : 25
Count : 26
Count : 27
Count : 28
[90mGET /bitla/edit [32m200 [90m2565ms - 1006[0m
Count : 29
Count : 30
Count : 31
Count : 32
Count : 33
Count : 34
Count : 35
Count : 36
Count : 37
Count : 38
[90mGET /bitla/edit [32m200 [90m2238ms - 1006[0m
[90mGET /bitla/edit [32m200 [90m2245ms - 1006[0m
[90mGET /bitla/edit [32m200 [90m2252ms - 1006[0m
[90mGET /bitla/edit [32m200 [90m2382ms - 1006[0m
[90mGET /bitla/edit [32m200 [90m2416ms - 1006[0m
[90mGET /bitla/edit [32m200 [90m2549ms - 1006[0m
[90mGET /bitla/edit [32m200 [90m2673ms - 1006[0m
[90mGET /bitla/edit [32m200 [90m2869ms - 1006[0m
[90mGET / [32m200 [90m8833ms - 539[0m
Count : 39
Count : 40
Count : 41
Count : 42
Count : 43
Count : 44
[90mGET /bitla/edit [32m200 [90m2373ms - 1006[0m
[90mGET /bitla/edit [32m200 [90m2395ms - 1006[0m
[90mGET /bitla/edit [32m200 [90m2483ms - 1006[0m
[90mGET /bitla/edit [32m200 [90m2509ms - 1006[0m
[90mGET /bitla/edit [32m200 [90m2661ms - 1006[0m
[90mGET /bitla/edit [32m200 [90m2691ms - 1006[0m
[90mGET /bitla/edit [32m200 [90m2789ms - 1006[0m
[90mGET /bitla/edit [32m200 [90m2804ms - 1006[0m
[90mPOST / [36m302 [90m1ms - 66[0m
[90mGET /bitla/edit [32m200 [90m2474ms - 1006[0m
[90mGET /bitla/edit [32m200 [90m3309ms - 1006[0m
[90mGET /bitla/edit [32m200 [90m3322ms - 1006[0m
Count : 45
Count : 46
Count : 47
Count : 48
Count : 49
[90mGET /bitla/edit [32m200 [90m2418ms - 1006[0m
[90mGET /bitla/edit [32m200 [90m2427ms - 1006[0m
[90mGET /bitla/edit [32m200 [90m2515ms - 1006[0m
[90mGET /bitla/edit [32m200 [90m2526ms - 1006[0m
[90mGET /bitla/edit [32m200 [90m2678ms - 1006[0m
[90mGET /bitla/edit [32m200 [90m2692ms - 1006[0m
[90mGET /bitla/edit [32m200 [90m2795ms - 1006[0m
[90mGET /bitla/edit [32m200 [90m2807ms - 1006[0m
Count : 50
Count : 51
[90mGET /bitla/edit [32m200 [90m3316ms - 1006[0m
[90mGET /bitla/edit [32m200 [90m3340ms - 1006[0m
Count : 52
Count : 53
Count : 54
[90mGET /bitla/edit [32m200 [90m2281ms - 1006[0m
[90mGET /bitla/edit [32m200 [90m2370ms - 1006[0m
[90mGET /bitla/edit [32m200 [90m2535ms - 1006[0m
[90mGET /bitla/edit [32m200 [90m2548ms - 1006[0m
[90mGET /bitla/edit [32m200 [90m2631ms - 1006[0m
[90mGET /bitla/edit [32m200 [90m3138ms - 1006[0m
[90mGET / [32m200 [90m12396ms - 539[0m
Count : 55
[90mGET /bitla/edit [32m200 [90m2144ms - 1006[0m
[90mGET /bitla/edit [32m200 [90m2224ms - 1006[0m
[90mGET /bitla/edit [32m200 [90m2349ms - 1006[0m
[90mGET /bitla/edit [32m200 [90m2452ms - 1006[0m
[90mGET /bitla/edit [32m200 [90m2278ms - 1006[0m
[90mGET /bitla/edit [32m200 [90m2940ms - 1006[0m
[90mPOST / [36m302 [90m1ms - 66[0m
[90mGET /bitla/edit [32m200 [90m2005ms - 1006[0m
[90mGET /bitla/edit [32m200 [90m2082ms - 1006[0m
[90mGET /bitla/edit [32m200 [90m2214ms - 1006[0m
[90mGET /bitla/edit [32m200 [90m2808ms - 1006[0m
Count : 56
Count : 57
[90mGET /bitla/edit [32m200 [90m2132ms - 1006[0m
[90mGET /bitla/edit [32m200 [90m1889ms - 1006[0m
[90mGET /bitla/edit [32m200 [90m2685ms - 1006[0m
Count : 58
[90mGET / [32m200 [90m16309ms - 539[0m
[90mGET / [32m200 [90m16331ms - 539[0m
[90mGET / [32m200 [90m16670ms - 539[0m
[90mGET / [32m200 [90m16684ms - 539[0m
[90mGET / [32m200 [90m16697ms - 539[0m
[90mGET / [32m200 [90m16712ms - 539[0m
[90mGET / [32m200 [90m16761ms - 539[0m
[90mGET / [32m200 [90m16918ms - 539[0m
[90mGET / [32m200 [90m16930ms - 539[0m
[90mGET / [32m200 [90m16943ms - 539[0m
[90mGET / [32m200 [90m16965ms - 539[0m
[90mGET / [32m200 [90m16976ms - 539[0m
[90mPOST / [36m302 [90m1ms - 66[0m
[90mPOST / [36m302 [90m0ms - 66[0m
[90mGET / [32m200 [90m17140ms - 539[0m
[90mGET / [32m200 [90m17152ms - 539[0m
[90mGET / [32m200 [90m17171ms - 539[0m
[90mGET / [32m200 [90m17184ms - 539[0m
[90mGET / [32m200 [90m17180ms - 539[0m
[90mGET / [32m200 [90m17191ms - 539[0m
[90mGET / [32m200 [90m17243ms - 539[0m
[90mGET / [32m200 [90m17255ms - 539[0m
[90mGET / [32m200 [90m17383ms - 539[0m
[90mGET / [32m200 [90m17396ms - 539[0m
[90mGET / [32m200 [90m17456ms - 539[0m
[90mPOST / [36m302 [90m1ms - 66[0m
[90mPOST / [36m302 [90m0ms - 66[0m
[90mPOST / [36m302 [90m2ms - 66[0m
[90mPOST / [36m302 [90m0ms - 66[0m
[90mPOST / [36m302 [90m1ms - 66[0m
[90mPOST / [36m302 [90m0ms - 66[0m
[90mPOST / [36m302 [90m0ms - 66[0m
[90mPOST / [36m302 [90m0ms - 66[0m
[90mGET / [32m200 [90m17579ms - 539[0m
[90mGET / [32m200 [90m17623ms - 539[0m
[90mGET / [32m200 [90m17636ms - 539[0m
[90mGET / [32m200 [90m17653ms - 539[0m
[90mGET / [32m200 [90m17653ms - 539[0m
[90mGET / [32m200 [90m17665ms - 539[0m
[90mGET / [32m200 [90m17678ms - 539[0m
[90mGET /bitla/edit [32m200 [90m1620ms - 1006[0m
[90mGET / [32m200 [90m17834ms - 539[0m
[90mGET / [32m200 [90m17844ms - 539[0m
[90mGET / [32m200 [90m17863ms - 539[0m
[90mGET / [32m200 [90m17877ms - 539[0m
[90mGET / [32m200 [90m17890ms - 539[0m
[90mGET / [32m200 [90m17902ms - 539[0m
[90mGET / [32m200 [90m17939ms - 539[0m
[90mGET / [32m200 [90m17952ms - 539[0m
[90mGET / [32m200 [90m17965ms - 539[0m
[90mGET / [32m200 [90m17976ms - 539[0m
[90mGET / [32m200 [90m17989ms - 539[0m
[90mPOST / [36m302 [90m1ms - 66[0m
[90mPOST / [36m302 [90m1ms - 66[0m
Count : 59
Count : 60
[90mPOST / [36m302 [90m0ms - 66[0m
[90mPOST / [36m302 [90m0ms - 66[0m
[90mPOST / [36m302 [90m1ms - 66[0m
[90mPOST / [36m302 [90m0ms - 66[0m
[90mPOST / [36m302 [90m0ms - 66[0m
[90mPOST / [36m302 [90m0ms - 66[0m
[90mPOST / [36m302 [90m0ms - 66[0m
[90mPOST / [36m302 [90m0ms - 66[0m
[90mPOST / [36m302 [90m1ms - 66[0m
[90mGET / [32m200 [90m18155ms - 539[0m
[90mGET / [32m200 [90m18211ms - 539[0m
[90mGET / [32m200 [90m18223ms - 539[0m
[90mGET / [32m200 [90m18233ms - 539[0m
[90mGET / [32m200 [90m18255ms - 539[0m
[90mGET / [32m200 [90m18405ms - 539[0m
[90mGET / [32m200 [90m18418ms - 539[0m
[90mGET / [32m200 [90m18426ms - 539[0m
[90mPOST / [36m302 [90m1ms - 66[0m
[90mPOST / [36m302 [90m0ms - 66[0m
Count : 61
Count : 62
Count : 63
Count : 64
Count : 65
Count : 66
Count : 67
Count : 68
[90mPOST / [36m302 [90m0ms - 66[0m
[90mPOST / [36m302 [90m0ms - 66[0m
[90mPOST / [36m302 [90m0ms - 66[0m
[90mPOST / [36m302 [90m0ms - 66[0m
[90mPOST / [36m302 [90m1ms - 66[0m
[90mPOST / [36m302 [90m0ms - 66[0m
[90mPOST / [36m302 [90m0ms - 66[0m
[90mPOST / [36m302 [90m0ms - 66[0m
[90mPOST / [36m302 [90m0ms - 66[0m
[90mPOST / [36m302 [90m0ms - 66[0m
[90mPOST / [36m302 [90m0ms - 66[0m
[90mPOST / [36m302 [90m0ms - 66[0m
[90mPOST / [36m302 [90m0ms - 66[0m
[90mPOST / [36m302 [90m0ms - 66[0m
[90mPOST / [36m302 [90m1ms - 66[0m
[90mPOST / [36m302 [90m0ms - 66[0m
[90mPOST / [36m302 [90m1ms - 66[0m
[90mPOST / [36m302 [90m0ms - 66[0m
[90mGET / [32m200 [90m18817ms - 539[0m
[90mGET / [32m200 [90m17634ms - 539[0m
[90mGET / [32m200 [90m17645ms - 539[0m
[90mGET / [32m200 [90m17652ms - 539[0m
[90mGET / [32m200 [90m19013ms - 539[0m
[90mGET / [32m200 [90m19025ms - 539[0m
[90mGET / [32m200 [90m19037ms - 539[0m
[90mGET / [32m200 [90m19050ms - 539[0m
[90mGET / [32m200 [90m19071ms - 539[0m
[90mGET /bitla/edit [32m200 [90m1094ms - 1006[0m
[90mGET / [32m200 [90m17926ms - 539[0m
[90mGET / [32m200 [90m17937ms - 539[0m
[90mGET / [32m200 [90m19287ms - 539[0m
[90mGET / [32m200 [90m19309ms - 539[0m
[90mGET / [32m200 [90m19321ms - 539[0m
[90mGET / [32m200 [90m19333ms - 539[0m
[90mGET / [32m200 [90m19346ms - 539[0m
Count : 69
Count : 70
Count : 71
Count : 72
Count : 73
Count : 74
Count : 75
Count : 76
Count : 77
Count : 78
Count : 79
[90mPOST / [36m302 [90m0ms - 66[0m
[90mPOST / [36m302 [90m5ms - 66[0m
[90mPOST / [36m302 [90m12ms - 66[0m
[90mPOST / [36m302 [90m1ms - 66[0m
[90mPOST / [36m302 [90m0ms - 66[0m
[90mPOST / [36m302 [90m0ms - 66[0m
Count : 80
Count : 81
[90mPOST / [36m302 [90m1ms - 66[0m
[90mPOST / [36m302 [90m4ms - 66[0m
[90mGET /bitla/edit [32m200 [90m1112ms - 1006[0m
[90mGET /bitla/edit [32m200 [90m1106ms - 1006[0m
[90mGET / [32m200 [90m17534ms - 539[0m
[90mGET / [32m200 [90m17546ms - 539[0m
[90mGET /bitla/edit [32m200 [90m1167ms - 1006[0m
[90mGET /bitla/edit [32m200 [90m1163ms - 1006[0m
[90mGET / [32m200 [90m15998ms - 539[0m
[90mGET / [32m200 [90m16005ms - 539[0m
[90mGET /bitla/edit [32m200 [90m507ms - 1006[0m
[90mGET /bitla/edit [32m200 [90m510ms - 1006[0m
[90mGET / [32m200 [90m15101ms - 539[0m
[90mGET / [32m200 [90m19922ms - 539[0m
[90mGET / [32m200 [90m19990ms - 539[0m
[90mGET / [32m200 [90m18752ms - 539[0m
[90mGET /bitla/edit [32m200 [90m1419ms - 1006[0m
[90mGET / [32m200 [90m20143ms - 539[0m
[90mGET / [32m200 [90m20154ms - 539[0m
[90mGET / [32m200 [90m20163ms - 539[0m
[90mGET / [32m200 [90m20175ms - 539[0m
Count : 82
Count : 83
Count : 84
Count : 85
Count : 86
Count : 87
Count : 88
Count : 89
Count : 90
Count : 91
Count : 92
Count : 93
Count : 94
Count : 95
Count : 96
Count : 97
Count : 98
Count : 99
[90mPOST / [36m302 [90m1ms - 66[0m
[90mPOST / [36m302 [90m0ms - 66[0m
[90mPOST / [36m302 [90m1ms - 66[0m
[90mPOST / [36m302 [90m0ms - 66[0m
[90mPOST / [36m302 [90m0ms - 66[0m
[90mPOST / [36m302 [90m0ms - 66[0m
[90mPOST / [36m302 [90m0ms - 66[0m
[90mPOST / [36m302 [90m1ms - 66[0m
[90mPOST / [36m302 [90m0ms - 66[0m
[90mPOST / [36m302 [90m0ms - 66[0m
[90mPOST / [36m302 [90m0ms - 66[0m
[90mPOST / [36m302 [90m0ms - 66[0m
[90mPOST / [36m302 [90m0ms - 66[0m
[90mPOST / [36m302 [90m1ms - 66[0m
[90mPOST / [36m302 [90m0ms - 66[0m
[90mGET / [32m200 [90m19190ms - 539[0m
[90mGET / [32m200 [90m19292ms - 539[0m
[90mGET / [32m200 [90m19350ms - 539[0m
[90mGET /bitla/edit [32m200 [90m1314ms - 1006[0m
[90mGET /bitla/edit [32m200 [90m1309ms - 1006[0m
[90mGET / [32m200 [90m19405ms - 539[0m
[90mGET /bitla/edit [32m200 [90m2686ms - 1006[0m
[90mGET /bitla/edit [32m200 [90m2205ms - 1006[0m
[90mGET / [32m200 [90m18659ms - 539[0m
[90mGET /bitla/edit [32m200 [90m1554ms - 1006[0m
[90mGET /bitla/edit [32m200 [90m1563ms - 1006[0m
[90mGET /bitla/edit [32m200 [90m1681ms - 1006[0m
[90mGET / [32m200 [90m18469ms - 539[0m
[90mGET / [32m200 [90m19064ms - 539[0m
[90mGET /bitla/edit [32m200 [90m3329ms - 1006[0m
[90mGET / [32m200 [90m881ms - 539[0m
[90mGET /stylesheets/style.css [32m200 [90m219ms - 1.84kb[0m
[90mGET / [32m200 [90m15868ms - 539[0m
[90mGET / [32m200 [90m16008ms - 539[0m
[90mPOST / [36m302 [90m5ms - 66[0m
[90mPOST / [36m302 [90m1ms - 66[0m
Count : 1
Count : 2
[90mGET / [32m200 [90m18045ms - 539[0m
[90mGET / [32m200 [90m716ms - 539[0m
[90mGET /stylesheets/style.css [32m200 [90m221ms - 1.84kb[0m
[90mGET /bitla/new [32m200 [90m440ms - 1.18mb[0m
[90mGET /stylesheets/style.css [36m304 [90m3ms[0m
[90mGET / [32m200 [90m243ms - 539[0m
[90mGET /stylesheets/style.css [36m304 [90m2ms[0m
[90mGET / [32m200 [90m2468ms - 539[0m
[90mGET / [32m200 [90m2592ms - 539[0m
[90mGET / [32m200 [90m2686ms - 539[0m
[90mGET / [32m200 [90m2791ms - 539[0m
[90mPOST / [36m302 [90m4ms - 66[0m
[90mPOST / [36m302 [90m1ms - 66[0m
[90mPOST / [36m302 [90m1ms - 66[0m
[90mPOST / [36m302 [90m0ms - 66[0m
Count : 1
Count : 2
Count : 3
Count : 4
[90mGET / [32m200 [90m5328ms - 539[0m
[90mGET / [32m200 [90m5426ms - 539[0m
[90mGET / [32m200 [90m5565ms - 539[0m
[90mGET / [32m200 [90m5630ms - 539[0m
[90mPOST / [36m302 [90m1ms - 66[0m
[90mPOST / [36m302 [90m1ms - 66[0m
[90mPOST / [36m302 [90m0ms - 66[0m
[90mPOST / [36m302 [90m1ms - 66[0m
Count : 5
Count : 6
Count : 7
Count : 8
[90mGET /bitla/edit [32m200 [90m7569ms - 1006[0m
[90mGET /bitla/edit [32m200 [90m7675ms - 1006[0m
[90mGET /bitla/edit [32m200 [90m7782ms - 1006[0m
[90mGET /bitla/edit [32m200 [90m7886ms - 1006[0m
Count : 9
Count : 10
Count : 11
Count : 12
[90mGET /bitla/edit [32m200 [90m8784ms - 1006[0m
[90mGET /bitla/edit [32m200 [90m8427ms - 1006[0m
[90mGET /bitla/edit [32m200 [90m8524ms - 1006[0m
[90mGET /bitla/edit [32m200 [90m8611ms - 1006[0m
Count : 13
Count : 14
Count : 15
Count : 16
[90mGET / [32m200 [90m698ms - 539[0m
[90mGET /stylesheets/style.css [32m200 [90m215ms - 1.84kb[0m
[90mGET / [32m200 [90m5874ms - 539[0m
[90mPOST / [36m302 [90m4ms - 66[0m
Count : 1
[90mGET /bitla/edit [32m200 [90m8388ms - 1006[0m
[90mGET / [32m200 [90m16376ms - 539[0m
Count : 2
[90mPOST / [36m302 [90m1ms - 66[0m
Count : 3
[90mGET / [32m200 [90m1071ms - 539[0m
[90mGET / [32m200 [90m1131ms - 539[0m
[90mGET / [32m200 [90m1642ms - 539[0m
[90mPOST / [36m302 [90m5ms - 66[0m
[90mPOST / [36m302 [90m1ms - 66[0m
[90mGET / [32m200 [90m2034ms - 539[0m
[90mPOST / [36m302 [90m1ms - 66[0m
[90mGET / [32m200 [90m2566ms - 539[0m
Count : 1
Count : 2
[90mPOST / [36m302 [90m1ms - 66[0m
[90mGET / [32m200 [90m2728ms - 539[0m
[90mGET /bitla/edit [32m200 [90m165ms - 1006[0m
[90mGET /bitla/edit [32m200 [90m307ms - 1006[0m
[90mGET / [32m200 [90m2870ms - 539[0m
Count : 3
[90mPOST / [36m302 [90m0ms - 66[0m
[90mGET / [32m200 [90m3134ms - 539[0m
[90mGET / [32m200 [90m3260ms - 539[0m
[90mGET /bitla/edit [32m200 [90m322ms - 1006[0m
[90mGET / [32m200 [90m3457ms - 539[0m
Count : 4
[90mPOST / [36m302 [90m1ms - 66[0m
Count : 5
Count : 6
[90mPOST / [36m302 [90m1ms - 66[0m
[90mGET / [32m200 [90m2734ms - 539[0m
[90mGET /bitla/edit [32m200 [90m128ms - 1006[0m
[90mGET / [32m200 [90m2849ms - 539[0m
[90mGET /bitla/edit [32m200 [90m407ms - 1006[0m
[90mGET /bitla/edit [32m200 [90m498ms - 1006[0m
Count : 7
[90mPOST / [36m302 [90m1ms - 66[0m
[90mPOST / [36m302 [90m0ms - 66[0m
Count : 8
[90mGET / [32m200 [90m2736ms - 539[0m
[90mGET / [32m200 [90m2749ms - 539[0m
[90mGET /bitla/edit [32m200 [90m158ms - 1006[0m
[90mGET / [32m200 [90m2829ms - 539[0m
[90mGET / [32m200 [90m2842ms - 539[0m
[90mGET / [32m200 [90m3386ms - 539[0m
[90mGET /bitla/edit [32m200 [90m263ms - 1006[0m
[90mGET / [32m200 [90m2953ms - 539[0m
[90mGET / [32m200 [90m2970ms - 539[0m
[90mGET / [32m200 [90m3052ms - 539[0m
[90mGET / [32m200 [90m3066ms - 539[0m
[90mGET / [32m200 [90m3081ms - 539[0m
[90mPOST / [36m302 [90m1ms - 66[0m
Count : 9
Count : 10
[90mPOST / [36m302 [90m1ms - 66[0m
[90mPOST / [36m302 [90m0ms - 66[0m
Count : 11
[90mGET / [32m200 [90m3257ms - 539[0m
[90mGET / [32m200 [90m3271ms - 539[0m
[90mGET / [32m200 [90m3284ms - 539[0m
[90mGET /bitla/edit [32m200 [90m135ms - 1006[0m
Count : 12
Count : 13
[90mPOST / [36m302 [90m1ms - 66[0m
[90mPOST / [36m302 [90m0ms - 66[0m
Count : 14
[90mPOST / [36m302 [90m1ms - 66[0m
[90mPOST / [36m302 [90m2ms - 66[0m
[90mPOST / [36m302 [90m0ms - 66[0m
[90mPOST / [36m302 [90m0ms - 66[0m
[90mPOST / [36m302 [90m0ms - 66[0m
[90mPOST / [36m302 [90m1ms - 66[0m
[90mPOST / [36m302 [90m0ms - 66[0m
[90mPOST / [36m302 [90m1ms - 66[0m
Count : 15
Count : 16
[90mGET /bitla/edit [32m200 [90m250ms - 1006[0m
Count : 17
[90mGET /bitla/edit [32m200 [90m275ms - 1006[0m
[90mPOST / [36m302 [90m1ms - 66[0m
[90mPOST / [36m302 [90m0ms - 66[0m
[90mPOST / [36m302 [90m1ms - 66[0m
[90mGET /bitla/edit [32m200 [90m161ms - 1006[0m
[90mGET /bitla/edit [32m200 [90m149ms - 1006[0m
Count : 18
Count : 19
Count : 20
Count : 21
Count : 22
Count : 23
Count : 24
Count : 25
Count : 26
Count : 27
Count : 28
[90mGET /bitla/edit [32m200 [90m307ms - 1006[0m
[90mGET /bitla/edit [32m200 [90m260ms - 1006[0m
[90mGET /bitla/edit [32m200 [90m452ms - 1006[0m
[90mGET /bitla/edit [32m200 [90m293ms - 1006[0m
[90mGET /bitla/edit [32m200 [90m464ms - 1006[0m
[90mGET /bitla/edit [32m200 [90m311ms - 1006[0m
[90mGET /bitla/edit [32m200 [90m305ms - 1006[0m
[90mGET /bitla/edit [32m200 [90m338ms - 1006[0m
[90mGET /bitla/edit [32m200 [90m330ms - 1006[0m
[90mGET /bitla/edit [32m200 [90m348ms - 1006[0m
[90mGET /bitla/edit [32m200 [90m357ms - 1006[0m
[90mGET /bitla/edit [32m200 [90m372ms - 1006[0m
[90mGET /bitla/edit [32m200 [90m379ms - 1006[0m
[90mGET /bitla/edit [32m200 [90m396ms - 1006[0m
[90mGET /bitla/edit [32m200 [90m406ms - 1006[0m
Count : 29
Count : 30
Count : 31
Count : 32
Count : 33
Count : 34
Count : 35
Count : 36
Count : 37
Count : 38
Count : 39
Count : 40
Count : 41
Count : 42
Count : 43
Count : 44
Count : 45
Count : 46
Count : 47
[90mGET /bitla/edit [32m200 [90m160ms - 1006[0m
[90mGET /bitla/edit [32m200 [90m219ms - 1006[0m
[90mGET /bitla/edit [32m200 [90m308ms - 1006[0m
[90mGET /bitla/edit [32m200 [90m349ms - 1006[0m
[90mGET /bitla/edit [32m200 [90m419ms - 1006[0m
[90mGET /bitla/edit [32m200 [90m463ms - 1006[0m
[90mGET /bitla/edit [32m200 [90m443ms - 1006[0m
[90mGET /bitla/edit [32m200 [90m447ms - 1006[0m
[90mGET /bitla/edit [32m200 [90m448ms - 1006[0m
[90mGET /bitla/edit [32m200 [90m482ms - 1006[0m
[90mGET /bitla/edit [32m200 [90m481ms - 1006[0m
[90mGET /bitla/edit [32m200 [90m485ms - 1006[0m
[90mGET /bitla/edit [32m200 [90m518ms - 1006[0m
[90mGET /bitla/edit [32m200 [90m519ms - 1006[0m
[90mGET /bitla/edit [32m200 [90m520ms - 1006[0m
[90mGET /bitla/edit [32m200 [90m538ms - 1006[0m
[90mGET /bitla/edit [32m200 [90m574ms - 1006[0m
[90mGET /bitla/edit [32m200 [90m574ms - 1006[0m
[90mGET /bitla/edit [32m200 [90m570ms - 1006[0m
Count : 48
Count : 49
Count : 50
[90mGET /bitla/edit [32m200 [90m71ms - 1006[0m
[90mGET /bitla/edit [32m200 [90m91ms - 1006[0m
[90mGET /bitla/edit [32m200 [90m93ms - 1006[0m
[90mGET / [32m200 [90m143ms - 539[0m
[90mGET /stylesheets/style.css [32m200 [90m203ms - 1.84kb[0m
[90mGET / [32m200 [90m218ms - 539[0m
[90mGET /stylesheets/style.css [36m304 [90m2ms[0m
[90mGET / [32m200 [90m731ms - 539[0m
[90mGET / [32m200 [90m781ms - 539[0m
[90mGET / [32m200 [90m1214ms - 539[0m
[90mGET / [32m200 [90m1113ms - 539[0m
[90mPOST / [36m302 [90m1ms - 66[0m
[90mPOST / [36m302 [90m1ms - 66[0m
[90mGET / [32m200 [90m1719ms - 539[0m
[90mPOST / [36m302 [90m1ms - 66[0m
[90mPOST / [36m302 [90m3ms - 66[0m
[90mGET / [32m200 [90m1860ms - 539[0m
[90mGET / [32m200 [90m2370ms - 539[0m
Count : 51
Count : 52
[90mPOST / [36m302 [90m1ms - 66[0m
[90mGET / [32m200 [90m1822ms - 539[0m
[90mGET /bitla/edit [32m200 [90m104ms - 1006[0m
[90mGET /bitla/edit [32m200 [90m214ms - 1006[0m
[90mGET / [32m200 [90m2721ms - 539[0m
Count : 53
Count : 54
[90mPOST / [36m302 [90m1ms - 66[0m
[90mGET / [32m200 [90m1872ms - 539[0m
[90mGET / [32m200 [90m1977ms - 539[0m
[90mGET /bitla/edit [32m200 [90m258ms - 1006[0m
[90mGET /bitla/edit [32m200 [90m367ms - 1006[0m
[90mGET / [32m200 [90m2628ms - 539[0m
[90mGET / [32m200 [90m2696ms - 539[0m
[90mPOST / [36m302 [90m1ms - 66[0m
Count : 55
[90mPOST / [36m302 [90m1ms - 66[0m
Count : 56
Count : 57
[90mPOST / [36m302 [90m0ms - 66[0m
[90mGET /bitla/edit [32m200 [90m109ms - 1006[0m
[90mGET / [32m200 [90m2024ms - 539[0m
[90mGET / [32m200 [90m2036ms - 539[0m
[90mGET / [32m200 [90m2542ms - 539[0m
[90mGET /bitla/edit [32m200 [90m414ms - 1006[0m
Count : 58
[90mPOST / [36m302 [90m1ms - 66[0m
[90mPOST / [36m302 [90m0ms - 66[0m
Count : 59
Count : 60
[90mPOST / [36m302 [90m0ms - 66[0m
[90mGET /bitla/edit [32m200 [90m509ms - 1006[0m
[90mGET / [32m200 [90m2405ms - 539[0m
[90mGET /bitla/edit [32m200 [90m141ms - 1006[0m
[90mGET / [32m200 [90m2465ms - 539[0m
[90mGET / [32m200 [90m2476ms - 539[0m
[90mGET /bitla/edit [32m200 [90m228ms - 1006[0m
[90mGET / [32m200 [90m2970ms - 539[0m
[90mGET / [32m200 [90m3025ms - 539[0m
[90mGET /bitla/edit [32m200 [90m320ms - 1006[0m
[90mGET / [32m200 [90m2696ms - 539[0m
[90mPOST / [36m302 [90m0ms - 66[0m
Count : 61
Count : 62
Count : 63
[90mPOST / [36m302 [90m1ms - 66[0m
[90mPOST / [36m302 [90m0ms - 66[0m
[90mPOST / [36m302 [90m0ms - 66[0m
[90mGET / [32m200 [90m2802ms - 539[0m
[90mGET / [32m200 [90m2818ms - 539[0m
Count : 64
Count : 65
Count : 66
Count : 67
[90mPOST / [36m302 [90m1ms - 66[0m
Count : 68
[90mPOST / [36m302 [90m1ms - 66[0m
[90mPOST / [36m302 [90m0ms - 66[0m
[90mPOST / [36m302 [90m0ms - 66[0m
[90mPOST / [36m302 [90m0ms - 66[0m
[90mGET / [32m200 [90m2531ms - 539[0m
Count : 69
[90mPOST / [36m302 [90m1ms - 66[0m
Count : 70
Count : 71
Count : 72
[90mGET /bitla/edit [32m200 [90m385ms - 1006[0m
[90mGET /bitla/edit [32m200 [90m253ms - 1006[0m
[90mGET /bitla/edit [32m200 [90m423ms - 1006[0m
[90mGET /bitla/edit [32m200 [90m300ms - 1006[0m
[90mGET /bitla/edit [32m200 [90m165ms - 1006[0m
[90mGET /bitla/edit [32m200 [90m467ms - 1006[0m
[90mGET /bitla/edit [32m200 [90m323ms - 1006[0m
[90mPOST / [36m302 [90m1ms - 66[0m
[90mPOST / [36m302 [90m0ms - 66[0m
[90mGET /bitla/edit [32m200 [90m355ms - 1006[0m
[90mGET /bitla/edit [32m200 [90m224ms - 1006[0m
Count : 73
[90mGET /bitla/edit [32m200 [90m241ms - 1006[0m
Count : 74
Count : 75
Count : 76
Count : 77
Count : 78
[90mGET /bitla/edit [32m200 [90m489ms - 1006[0m
[90mGET /bitla/edit [32m200 [90m392ms - 1006[0m
[90mPOST / [36m302 [90m0ms - 66[0m
Count : 79
Count : 80
Count : 81
[90mGET /bitla/edit [32m200 [90m191ms - 1006[0m
[90mGET /bitla/edit [32m200 [90m204ms - 1006[0m
[90mGET /bitla/edit [32m200 [90m237ms - 1006[0m
[90mGET /bitla/edit [32m200 [90m116ms - 1006[0m
Count : 82
Count : 83
Count : 84
Count : 85
Count : 86
Count : 87
Count : 88
[90mGET /bitla/edit [32m200 [90m391ms - 1006[0m
[90mGET /bitla/edit [32m200 [90m371ms - 1006[0m
Count : 89
[90mGET /bitla/edit [32m200 [90m437ms - 1006[0m
[90mGET /bitla/edit [32m200 [90m327ms - 1006[0m
[90mGET /bitla/edit [32m200 [90m217ms - 1006[0m
[90mGET /bitla/edit [32m200 [90m361ms - 1006[0m
[90mGET /bitla/edit [32m200 [90m248ms - 1006[0m
[90mGET /bitla/edit [32m200 [90m272ms - 1006[0m
[90mGET /bitla/edit [32m200 [90m255ms - 1006[0m
[90mGET /bitla/edit [32m200 [90m286ms - 1006[0m
[90mGET /bitla/edit [32m200 [90m151ms - 1006[0m
[90mGET /bitla/edit [32m200 [90m313ms - 1006[0m
[90mGET /bitla/edit [32m200 [90m297ms - 1006[0m
Count : 90
Count : 91
Count : 92
Count : 93
Count : 94
Count : 95
Count : 96
Count : 97
Count : 98
Count : 99
[90mGET /bitla/edit [32m200 [90m154ms - 1006[0m
[90mGET /bitla/edit [32m200 [90m209ms - 1006[0m
[90mGET /bitla/edit [32m200 [90m214ms - 1006[0m
[90mGET /bitla/edit [32m200 [90m215ms - 1006[0m
[90mGET /bitla/edit [32m200 [90m255ms - 1006[0m
[90mGET /bitla/edit [32m200 [90m241ms - 1006[0m
[90mGET /bitla/edit [32m200 [90m274ms - 1006[0m
[90mGET /bitla/edit [32m200 [90m261ms - 1006[0m
[90mGET /bitla/edit [32m200 [90m272ms - 1006[0m
[90mGET /bitla/edit [32m200 [90m288ms - 1006[0m
Count : 100
[90mGET /bitla/edit [32m200 [90m32ms - 1006[0m
[90mGET / [32m200 [90m358ms - 539[0m
[90mPOST / [36m302 [90m0ms - 66[0m
Count : 101
[90mGET / [32m200 [90m4105ms - 539[0m
[90mGET /bitla/edit [32m200 [90m2254ms - 1006[0m
[90mPOST / [36m302 [90m1ms - 66[0m
Count : 102
Count : 103
[90mGET / [32m200 [90m6101ms - 539[0m
[90mPOST / [36m302 [90m0ms - 66[0m
Count : 104
[90mGET / [32m200 [90m8023ms - 539[0m
[90mPOST / [36m302 [90m0ms - 66[0m
[90mGET /bitla/edit [32m200 [90m3953ms - 1006[0m
[90mGET /bitla/edit [32m200 [90m4037ms - 1006[0m
Count : 105
[90mGET / [32m200 [90m10133ms - 539[0m
Count : 106
[90mGET / [32m200 [90m10410ms - 539[0m
[90mPOST / [36m302 [90m1ms - 66[0m
[90mPOST / [36m302 [90m0ms - 66[0m
[90mGET /bitla/edit [32m200 [90m4188ms - 1006[0m
Count : 107
Count : 108
Count : 109
[90mGET /bitla/edit [32m200 [90m4631ms - 1006[0m
[90mGET /bitla/edit [32m200 [90m4295ms - 1006[0m
Count : 110
[90mGET /bitla/edit [32m200 [90m4346ms - 1006[0m
[90mGET /bitla/edit [32m200 [90m4442ms - 1006[0m
[90mGET / [32m200 [90m16572ms - 539[0m
[90mGET /bitla/edit [32m200 [90m4487ms - 1006[0m
[90mGET / [32m200 [90m16717ms - 539[0m
Count : 111
Count : 112
[90mGET / [32m200 [90m17041ms - 539[0m
[90mPOST / [36m302 [90m0ms - 66[0m
[90mPOST / [36m302 [90m6ms - 66[0m
[90mPOST / [36m302 [90m13ms - 66[0m
Count : 113
[90mGET / [32m200 [90m706ms - 539[0m
[90mGET /stylesheets/style.css [32m200 [90m225ms - 1.84kb[0m
[90mGET / [32m200 [90m516ms - 539[0m
[90mGET / [32m200 [90m719ms - 539[0m
[90mPOST / [36m302 [90m6ms - 66[0m
[90mPOST / [36m302 [90m2ms - 66[0m
[90mGET / [32m200 [90m1618ms - 539[0m
[90mGET / [32m200 [90m1747ms - 539[0m
[90mGET / [32m200 [90m1848ms - 539[0m
Count : 1
[90mGET / [32m200 [90m1800ms - 539[0m
[90mGET /bitla/edit [32m200 [90m228ms - 1006[0m
Count : 2
[90mPOST / [36m302 [90m1ms - 66[0m
[90mPOST / [36m302 [90m1ms - 66[0m
[90mGET /bitla/edit [32m200 [90m313ms - 1006[0m
[90mPOST / [36m302 [90m0ms - 66[0m
[90mPOST / [36m302 [90m0ms - 66[0m
Count : 3
Count : 4
Count : 5
Count : 6
[90mGET /bitla/edit [32m200 [90m600ms - 1006[0m
Count : 7
Count : 8
[90mGET / [32m200 [90m3629ms - 539[0m
[90mGET /bitla/edit [32m200 [90m863ms - 1006[0m
[90mGET / [32m200 [90m3783ms - 539[0m
[90mGET / [32m200 [90m3864ms - 539[0m
[90mGET / [32m200 [90m4225ms - 539[0m
[90mGET /bitla/edit [32m200 [90m1331ms - 1006[0m
[90mGET /bitla/edit [32m200 [90m1426ms - 1006[0m
[90mPOST / [36m302 [90m1ms - 66[0m
Count : 9
[90mPOST / [36m302 [90m0ms - 66[0m
[90mGET /bitla/edit [32m200 [90m1138ms - 1006[0m
[90mGET /bitla/edit [32m200 [90m1238ms - 1006[0m
[90mPOST / [36m302 [90m0ms - 66[0m
[90mPOST / [36m302 [90m1ms - 66[0m
Count : 10
[90mGET / [32m200 [90m4619ms - 539[0m
Count : 11
Count : 12
Count : 13
Count : 14
Count : 15
Count : 16
[90mPOST / [36m302 [90m0ms - 66[0m
[90mGET /bitla/edit [32m200 [90m1880ms - 1006[0m
[90mGET /bitla/edit [32m200 [90m1710ms - 1006[0m
Count : 17
[90mGET / [32m200 [90m6819ms - 539[0m
[90mGET /bitla/edit [32m200 [90m2131ms - 1006[0m
[90mGET /bitla/edit [32m200 [90m2228ms - 1006[0m
[90mGET /bitla/edit [32m200 [90m2418ms - 1006[0m
[90mGET /bitla/edit [32m200 [90m2530ms - 1006[0m
[90mPOST / [36m302 [90m1ms - 66[0m
[90mGET /bitla/edit [32m200 [90m2098ms - 1006[0m
[90mGET /bitla/edit [32m200 [90m2440ms - 1006[0m
Count : 18
[90mGET / [32m200 [90m8036ms - 539[0m
[90mGET / [32m200 [90m8251ms - 539[0m
[90mGET / [32m200 [90m8357ms - 539[0m
Count : 19
Count : 20
Count : 21
Count : 22
[90mPOST / [36m302 [90m1ms - 66[0m
[90mPOST / [36m302 [90m0ms - 66[0m
[90mGET /bitla/edit [32m200 [90m2337ms - 1006[0m
[90mPOST / [36m302 [90m0ms - 66[0m
[90mGET / [32m200 [90m9372ms - 539[0m
[90mGET / [32m200 [90m9050ms - 539[0m
Count : 23
Count : 24
Count : 25
Count : 26
[90mPOST / [36m302 [90m1ms - 66[0m
[90mPOST / [36m302 [90m0ms - 66[0m
[90mGET /bitla/edit [32m200 [90m3154ms - 1006[0m
Count : 27
Count : 28
[90mGET /bitla/edit [32m200 [90m3141ms - 1006[0m
[90mGET /bitla/edit [32m200 [90m3495ms - 1006[0m
[90mGET /bitla/edit [32m200 [90m3579ms - 1006[0m
[90mGET /bitla/edit [32m200 [90m3842ms - 1006[0m
Count : 29
[90mGET /bitla/edit [32m200 [90m3629ms - 1006[0m
[90mGET /bitla/edit [32m200 [90m3795ms - 1006[0m
[90mGET / [32m200 [90m13183ms - 539[0m
[90mGET /bitla/edit [32m200 [90m3911ms - 1006[0m
[90mGET /bitla/edit [32m200 [90m3685ms - 1006[0m
Count : 30
Count : 31
[90mPOST / [36m302 [90m1ms - 66[0m
Count : 32
[90mGET / [32m200 [90m14633ms - 539[0m
Count : 33
[90mGET /bitla/edit [32m200 [90m4125ms - 1006[0m
[90mGET /bitla/edit [32m200 [90m4222ms - 1006[0m
[90mGET / [32m200 [90m14951ms - 539[0m
[90mPOST / [36m302 [90m0ms - 66[0m
Count : 34
Count : 35
[90mPOST / [36m302 [90m1ms - 66[0m
[90mGET / [32m200 [90m15570ms - 539[0m
Count : 36
Count : 37
[90mPOST / [36m302 [90m1ms - 66[0m
[90mGET /bitla/edit [32m200 [90m4354ms - 1006[0m
Count : 38
[90mGET /bitla/edit [32m200 [90m3648ms - 1006[0m
[90mGET / [32m200 [90m16920ms - 539[0m
[90mGET / [32m200 [90m16938ms - 539[0m
[90mGET /bitla/edit [32m200 [90m93809ms - 1006[0m
[90mGET / [32m200 [90m774ms - 539[0m
[90mGET /stylesheets/style.css [32m200 [90m210ms - 1.84kb[0m
[90mGET / [32m200 [90m601ms - 539[0m
[90mGET /stylesheets/style.css [36m304 [90m3ms[0m
[90mPOST / [36m302 [90m4ms - 66[0m
Count : 1
[90mGET /bitla/edit [32m200 [90m128ms - 736[0m
[90mGET /stylesheets/style.css [36m304 [90m1ms[0m
[90mGET / [32m200 [90m440ms - 539[0m
[90mGET /stylesheets/style.css [36m304 [90m1ms[0m
[90mGET / [32m200 [90m414ms - 539[0m
[90mGET /stylesheets/style.css [36m304 [90m1ms[0m
[90mGET / [32m200 [90m431ms - 539[0m
[90mGET /stylesheets/style.css [32m200 [90m4ms - 1.84kb[0m
[90mPOST / [36m302 [90m2ms - 66[0m
Count : 2
[90mGET /bitla/edit [32m200 [90m84ms - 2.71kb[0m
[90mGET /stylesheets/style.css [36m304 [90m1ms[0m
[90mGET / [32m200 [90m428ms - 539[0m
[90mGET / [32m200 [90m369ms - 539[0m
[90mGET / [32m200 [90m411ms - 539[0m
[90mGET / [32m200 [90m382ms - 539[0m
[90mGET / [32m200 [90m397ms - 539[0m
[90mGET / [32m200 [90m364ms - 539[0m
[90mGET / [32m200 [90m888ms - 539[0m
[90mGET / [32m200 [90m987ms - 539[0m
[90mGET / [32m200 [90m914ms - 539[0m
[90mGET / [32m200 [90m353ms - 539[0m
[90mGET / [32m200 [90m366ms - 539[0m
[90mGET / [32m200 [90m534ms - 539[0m
[90mGET / [32m200 [90m539ms - 539[0m
[90mGET / [32m200 [90m708ms - 539[0m
[90mGET / [32m200 [90m734ms - 539[0m
[90mPOST / [36m302 [90m3ms - 66[0m
[90mGET / [32m200 [90m352ms - 539[0m
[90mPOST / [36m302 [90m1ms - 66[0m
[90mPOST / [36m302 [90m0ms - 66[0m
[90mGET / [32m200 [90m340ms - 539[0m
[90mPOST / [36m302 [90m0ms - 66[0m
[90mPOST / [36m302 [90m8ms - 66[0m
[90mGET / [32m200 [90m598ms - 539[0m
[90mGET / [32m200 [90m797ms - 539[0m
[90mGET / [32m200 [90m724ms - 539[0m
[90mGET / [32m200 [90m396ms - 539[0m
[90mGET / [32m200 [90m371ms - 539[0m
[90mGET /stylesheets/style.css [36m304 [90m4ms[0m
[90mPOST / [36m302 [90m1ms - 66[0m
Count : 3
[90mGET /bitla/edit [32m200 [90m81ms - 2.71kb[0m
[90mPOST / [36m302 [90m0ms - 66[0m
Count : 4
[90mGET /bitla/edit [32m200 [90m74ms - 2.71kb[0m
[90mGET / [32m200 [90m405ms - 539[0m
[90mPOST / [36m302 [90m1ms - 66[0m
[90mGET / [32m200 [90m389ms - 539[0m
Count : 5
[90mGET /bitla/edit [32m200 [90m146ms - 2.71kb[0m
[90mGET / [32m200 [90m578ms - 539[0m
[90mGET / [32m200 [90m563ms - 539[0m
[90mGET / [32m200 [90m364ms - 539[0m
[90mGET / [32m200 [90m424ms - 539[0m
[90mGET / [32m200 [90m473ms - 539[0m
[90mGET / [32m200 [90m369ms - 539[0m
[90mPOST / [36m302 [90m0ms - 66[0m
[90mPOST / [36m302 [90m1ms - 66[0m
Count : 6
[90mGET /bitla/edit [32m200 [90m68ms - 2.71kb[0m
Count : 7
[90mGET /bitla/edit [32m200 [90m74ms - 2.71kb[0m
[90mGET / [32m200 [90m402ms - 539[0m
[90mPOST / [36m302 [90m1ms - 66[0m
Count : 8
[90mGET /bitla/edit [32m200 [90m71ms - 2.71kb[0m
Count : 9
[90mGET /bitla/edit [32m200 [90m76ms - 2.71kb[0m
Count : 10
[90mGET /bitla/edit [32m200 [90m72ms - 2.71kb[0m
Count : 11
[90mGET /bitla/edit [32m200 [90m107ms - 2.71kb[0m
Count : 12
[90mGET /bitla/edit [32m200 [90m69ms - 2.71kb[0m
[90mPOST / [36m302 [90m1ms - 66[0m
[90mPOST / [36m302 [90m1ms - 66[0m
[90mPOST / [36m302 [90m1ms - 66[0m
Count : 13
[90mGET /bitla/edit [32m200 [90m86ms - 2.71kb[0m
Count : 14
[90mGET /bitla/edit [32m200 [90m72ms - 2.71kb[0m
Count : 15
[90mGET /bitla/edit [32m200 [90m73ms - 2.71kb[0m
[90mPOST / [36m302 [90m1ms - 66[0m
[90mPOST / [36m302 [90m0ms - 66[0m
Count : 16
[90mGET /bitla/edit [32m200 [90m76ms - 2.71kb[0m
Count : 17
[90mGET /bitla/edit [32m200 [90m74ms - 2.71kb[0m
Count : 18
[90mGET /bitla/edit [32m200 [90m70ms - 2.71kb[0m
Count : 19
[90mGET /bitla/edit [32m200 [90m69ms - 2.71kb[0m
[90mPOST / [36m302 [90m0ms - 66[0m
Count : 20
[90mGET /bitla/edit [32m200 [90m80ms - 2.71kb[0m
[90mPOST / [36m302 [90m1ms - 66[0m
Count : 21
[90mGET /bitla/edit [32m200 [90m78ms - 2.71kb[0m
Count : 22
[90mGET /bitla/edit [32m200 [90m72ms - 2.71kb[0m
Count : 23
[90mGET /bitla/edit [32m200 [90m74ms - 2.71kb[0m
[90mPOST / [36m302 [90m1ms - 66[0m
Count : 24
[90mGET /bitla/edit [32m200 [90m73ms - 2.71kb[0m
Count : 25
[90mGET /bitla/edit [32m200 [90m71ms - 2.71kb[0m
Count : 26
[90mGET /bitla/edit [32m200 [90m95ms - 2.71kb[0m
Count : 27
[90mGET /bitla/edit [32m200 [90m67ms - 2.71kb[0m
Count : 28
[90mGET /bitla/edit [32m200 [90m70ms - 2.71kb[0m
Count : 29
[90mGET /bitla/edit [32m200 [90m66ms - 2.71kb[0m
Count : 30
[90mGET /bitla/edit [32m200 [90m69ms - 2.71kb[0m
Count : 31
[90mGET /bitla/edit [32m200 [90m69ms - 2.71kb[0m
Count : 32
[90mGET /bitla/edit [32m200 [90m65ms - 2.71kb[0m
[90mPOST / [36m302 [90m2ms - 66[0m
Count : 33
[90mGET /bitla/edit [32m200 [90m65ms - 2.71kb[0m
Count : 34
[90mGET /bitla/edit [32m200 [90m64ms - 2.71kb[0m
Count : 35
[90mGET /bitla/edit [32m200 [90m71ms - 2.71kb[0m
Count : 36
[90mGET /bitla/edit [32m200 [90m66ms - 2.71kb[0m
Count : 37
[90mGET /bitla/edit [32m200 [90m69ms - 2.71kb[0m
[90mGET / [32m200 [90m392ms - 539[0m
[90mGET /stylesheets/style.css [36m304 [90m4ms[0m
Count : 38
[90mGET /bitla/edit [32m200 [90m70ms - 2.71kb[0m
Count : 39
[90mGET /bitla/edit [32m200 [90m77ms - 2.71kb[0m
Count : 40
[90mGET /bitla/edit [32m200 [90m77ms - 2.71kb[0m
Count : 41
[90mGET /bitla/edit [32m200 [90m73ms - 2.71kb[0m
Count : 42
[90mGET /bitla/edit [32m200 [90m73ms - 2.71kb[0m
Count : 43
[90mGET /bitla/edit [32m200 [90m81ms - 2.71kb[0m
Count : 44
[90mGET /bitla/edit [32m200 [90m75ms - 2.71kb[0m
Count : 45
[90mGET /bitla/edit [32m200 [90m71ms - 2.71kb[0m
[90mGET / [32m200 [90m391ms - 539[0m
[90mGET /stylesheets/style.css [36m304 [90m2ms[0m
[90mGET / [32m200 [90m407ms - 539[0m
[90mGET /stylesheets/style.css [36m304 [90m1ms[0m
[90mPOST / [36m302 [90m3ms - 66[0m
Count : 46
[90mGET /bitla/edit [32m200 [90m63ms - 736[0m
[90mGET /stylesheets/style.css [36m304 [90m4ms[0m
[90mGET / [32m200 [90m372ms - 539[0m
[90mGET /stylesheets/style.css [32m200 [90m6ms - 1.84kb[0m
[90mPOST / [36m302 [90m1ms - 66[0m
Count : 47
[90mGET /bitla/edit [32m200 [90m68ms - 2.71kb[0m
[90mGET /stylesheets/style.css [36m304 [90m1ms[0m
[90mGET / [32m200 [90m772ms - 539[0m
[90mPOST / [36m302 [90m6ms - 66[0m
[90mGET / [32m200 [90m554ms - 539[0m
Count : 1
[90mPOST / [36m302 [90m2ms - 66[0m
[90mGET /bitla/edit [32m200 [90m211ms - 2.71kb[0m
Count : 2
Count : 3
[90mGET /bitla/edit [32m200 [90m253ms - 2.71kb[0m
[90mGET /bitla/edit [32m200 [90m205ms - 2.71kb[0m
Count : 4
[90mGET / [32m200 [90m1038ms - 539[0m
[90mGET /bitla/edit [32m200 [90m211ms - 2.71kb[0m
[90mPOST / [36m302 [90m1ms - 66[0m
Count : 5
[90mGET /bitla/edit [32m200 [90m225ms - 2.71kb[0m
[90mGET / [32m200 [90m1175ms - 539[0m
Count : 6
[90mPOST / [36m302 [90m1ms - 66[0m
[90mGET /bitla/edit [32m200 [90m178ms - 2.71kb[0m
Count : 7
[90mGET / [32m200 [90m1077ms - 539[0m
[90mGET /bitla/edit [32m200 [90m250ms - 2.71kb[0m
[90mPOST / [36m302 [90m1ms - 66[0m
Count : 8
Count : 9
[90mGET /bitla/edit [32m200 [90m224ms - 2.71kb[0m
[90mGET /bitla/edit [32m200 [90m133ms - 2.71kb[0m
[90mGET / [32m200 [90m1186ms - 539[0m
Count : 10
[90mPOST / [36m302 [90m1ms - 66[0m
[90mGET /bitla/edit [32m200 [90m172ms - 2.71kb[0m
[90mGET / [32m200 [90m1064ms - 539[0m
Count : 11
[90mPOST / [36m302 [90m1ms - 66[0m
[90mGET /bitla/edit [32m200 [90m164ms - 2.71kb[0m
Count : 12
Count : 13
[90mGET /bitla/edit [32m200 [90m198ms - 2.71kb[0m
[90mGET /bitla/edit [32m200 [90m164ms - 2.71kb[0m
Count : 14
[90mGET /bitla/edit [32m200 [90m120ms - 2.71kb[0m
[90mGET / [32m200 [90m1254ms - 539[0m
[90mPOST / [36m302 [90m0ms - 66[0m
[90mGET / [32m200 [90m1040ms - 539[0m
Count : 15
[90mPOST / [36m302 [90m1ms - 66[0m
[90mGET /bitla/edit [32m200 [90m138ms - 2.71kb[0m
[90mGET / [32m200 [90m727ms - 539[0m
Count : 16
Count : 17
[90mPOST / [36m302 [90m1ms - 66[0m
[90mGET /bitla/edit [32m200 [90m112ms - 2.71kb[0m
[90mGET /bitla/edit [32m200 [90m148ms - 2.71kb[0m
Count : 18
Count : 19
[90mGET /bitla/edit [32m200 [90m87ms - 2.71kb[0m
[90mGET /bitla/edit [32m200 [90m91ms - 2.71kb[0m
Count : 20
[90mGET /bitla/edit [32m200 [90m65ms - 2.71kb[0m
[90mGET / [32m200 [90m1435ms - 539[0m
count : 1
[90mPOST / [36m302 [90m7ms - 66[0m
[90mGET / [32m200 [90m2433ms - 539[0m
[90mGET /bitla/edit [32m200 [90m372ms - 2.71kb[0m
count : 2
[90mPOST / [36m302 [90m2ms - 66[0m
[90mGET /bitla/edit [32m200 [90m172ms - 2.71kb[0m
[90mGET /bitla/edit [32m200 [90m773ms - 2.71kb[0m
[90mGET / [32m200 [90m6061ms - 539[0m
[90mGET /bitla/edit [32m200 [90m1028ms - 2.71kb[0m
count : 3
[90mPOST / [36m302 [90m1ms - 66[0m
[90mGET /bitla/edit [32m200 [90m1088ms - 2.71kb[0m
[90mGET /bitla/edit [32m200 [90m1164ms - 2.71kb[0m
[90mGET / [32m200 [90m11435ms - 539[0m
count : 4
[90mPOST / [36m302 [90m1ms - 66[0m
[90mGET / [32m200 [90m12230ms - 539[0m
count : 5
[90mPOST / [36m302 [90m0ms - 66[0m
[90mGET / [32m200 [90m13873ms - 539[0m
[90mGET / [32m200 [90m14344ms - 539[0m
[90mGET / [32m200 [90m1378ms - 539[0m
count : 1
[90mPOST / [36m302 [90m6ms - 66[0m
[90mGET /bitla/edit [32m200 [90m296ms - 2.71kb[0m
[90mGET / [32m200 [90m2264ms - 539[0m
count : 2
[90mPOST / [36m302 [90m3ms - 66[0m
[90mGET /bitla/edit [32m200 [90m228ms - 2.71kb[0m
[90mGET / [32m200 [90m3877ms - 539[0m
[90mGET /bitla/edit [32m200 [90m357ms - 2.71kb[0m
count : 3
[90mPOST / [36m302 [90m1ms - 66[0m
[90mGET /bitla/edit [32m200 [90m227ms - 2.71kb[0m
[90mGET / [32m200 [90m5261ms - 539[0m
count : 4
[90mPOST / [36m302 [90m1ms - 66[0m
[90mGET /bitla/edit [32m200 [90m904ms - 2.71kb[0m
[90mGET / [32m200 [90m6651ms - 539[0m
[90mGET / [32m200 [90m6037ms - 539[0m
[90mGET /bitla/edit [32m200 [90m926ms - 2.71kb[0m
count : 5
[90mPOST / [36m302 [90m2ms - 66[0m
count : 6
[90mPOST / [36m302 [90m1ms - 66[0m
[90mGET /bitla/edit [32m200 [90m980ms - 2.71kb[0m
[90mGET / [32m200 [90m7682ms - 539[0m
[90mGET /bitla/edit [32m200 [90m828ms - 2.71kb[0m
count : 7
[90mPOST / [36m302 [90m0ms - 66[0m
[90mGET / [32m200 [90m8596ms - 539[0m
[90mGET /bitla/edit [32m200 [90m975ms - 2.71kb[0m
[90mGET /bitla/edit [32m200 [90m1285ms - 2.71kb[0m
count : 8
[90mPOST / [36m302 [90m1ms - 66[0m
[90mGET / [32m200 [90m10271ms - 539[0m
[90mGET /bitla/edit [32m200 [90m1151ms - 2.71kb[0m
[90mGET / [32m200 [90m10848ms - 539[0m
[90mGET /bitla/edit [32m200 [90m1152ms - 2.71kb[0m
[90mGET /bitla/edit [32m200 [90m1249ms - 2.71kb[0m
[90mGET / [32m200 [90m11147ms - 539[0m
count : 9
[90mPOST / [36m302 [90m1ms - 66[0m
[90mGET /bitla/edit [32m200 [90m1362ms - 2.71kb[0m
count : 10
[90mPOST / [36m302 [90m0ms - 66[0m
count : 11
[90mPOST / [36m302 [90m0ms - 66[0m
[90mGET / [32m200 [90m10431ms - 539[0m
[90mGET /bitla/edit [32m200 [90m1372ms - 2.71kb[0m
count : 12
[90mPOST / [36m302 [90m16ms - 66[0m
[90mGET /bitla/edit [32m200 [90m1372ms - 2.71kb[0m
